Build started 1/26/2015 5:10:09 AM.
Project "C:\Users\WooW\Desktop\00_00\arctic\trunk\extras\arcemu-windows-libraries\Sources\VC100-pcre.vcxproj" on node 2 (build target(s)).
InitializeBuildStatus:
  Creating ".\pcre___x64_Debug\pcre.unsuccessfulbuild" because "AlwaysCreate" was specified.
ClCompile:
  C:\Program Files (x86)\Microsoft Visual Studio 10.0\VC\bin\x86_amd64\CL.exe /c /Zi /nologo /W3 /WX- /Od /D WIN32 /D _DEBUG /D _LIB /D HAVE_CONFIG_H /D _VC80_UPGRADE=0x0710 /D _MBCS /Gm /EHsc /RTC1 /MTd /GS /fp:precise /Zc:wchar_t /Zc:forScope /Fo".\pcre___x64_Debug\\" /Fd".\pcre___x64_Debug\vc100.pdb" /Gd /TC /errorReport:prompt pcre\pcre_chartables.c pcre\pcre_compile.c pcre\pcre_config.c pcre\pcre_dfa_exec.c pcre\pcre_exec.c pcre\pcre_fullinfo.c pcre\pcre_get.c pcre\pcre_globals.c pcre\pcre_info.c pcre\pcre_maketables.c pcre\pcre_newline.c pcre\pcre_ord2utf8.c pcre\pcre_refcount.c pcre\pcre_study.c pcre\pcre_tables.c pcre\pcre_try_flipped.c pcre\pcre_ucp_searchfuncs.c pcre\pcre_valid_utf8.c pcre\pcre_version.c pcre\pcre_xclass.c
  pcre_xclass.c
  pcre_version.c
  pcre_valid_utf8.c
  pcre_ucp_searchfuncs.c
  pcre_try_flipped.c
  pcre_tables.c
  pcre_study.c
  pcre_refcount.c
  pcre_ord2utf8.c
  pcre_newline.c
  pcre_maketables.c
  pcre_info.c
  pcre_globals.c
  pcre_get.c
  pcre_fullinfo.c
  pcre_exec.c
  pcre_dfa_exec.c
  pcre_config.c
  pcre_compile.c
  pcre_chartables.c
  Generating Code...
Lib:
  C:\Program Files (x86)\Microsoft Visual Studio 10.0\VC\bin\x86_amd64\Lib.exe /OUT:"..\VC\lib\pcre_debug_x64.lib" /NOLOGO .\pcre___x64_Debug\pcre_chartables.obj
  .\pcre___x64_Debug\pcre_compile.obj
  .\pcre___x64_Debug\pcre_config.obj
  .\pcre___x64_Debug\pcre_dfa_exec.obj
  .\pcre___x64_Debug\pcre_exec.obj
  .\pcre___x64_Debug\pcre_fullinfo.obj
  .\pcre___x64_Debug\pcre_get.obj
  .\pcre___x64_Debug\pcre_globals.obj
  .\pcre___x64_Debug\pcre_info.obj
  .\pcre___x64_Debug\pcre_maketables.obj
  .\pcre___x64_Debug\pcre_newline.obj
  .\pcre___x64_Debug\pcre_ord2utf8.obj
  .\pcre___x64_Debug\pcre_refcount.obj
  .\pcre___x64_Debug\pcre_study.obj
  .\pcre___x64_Debug\pcre_tables.obj
  .\pcre___x64_Debug\pcre_try_flipped.obj
  .\pcre___x64_Debug\pcre_ucp_searchfuncs.obj
  .\pcre___x64_Debug\pcre_valid_utf8.obj
  .\pcre___x64_Debug\pcre_version.obj
  .\pcre___x64_Debug\pcre_xclass.obj
  VC100-pcre.vcxproj -> C:\Users\WooW\Desktop\00_00\arctic\trunk\extras\arcemu-windows-libraries\Sources\..\VC\lib\pcre_debug_x64.lib
FinalizeBuildStatus:
  Deleting file ".\pcre___x64_Debug\pcre.unsuccessfulbuild".
  Touching ".\pcre___x64_Debug\pcre.lastbuildstate".
Done Building Project "C:\Users\WooW\Desktop\00_00\arctic\trunk\extras\arcemu-windows-libraries\Sources\VC100-pcre.vcxproj" (build target(s)).

Build succeeded.

Time Elapsed 00:00:00.89
