Build started 1/26/2015 5:10:10 AM.
Project "C:\Users\WooW\Desktop\00_00\arctic\trunk\extras\arcemu-windows-libraries\Sources\VC100-zlib.vcxproj" on node 2 (build target(s)).
InitializeBuildStatus:
  Creating ".\zlib___Win32_Debug_x64\zlib.unsuccessfulbuild" because "AlwaysCreate" was specified.
ClCompile:
  C:\Program Files (x86)\Microsoft Visual Studio 10.0\VC\bin\x86_amd64\CL.exe /c /Zi /nologo /W3 /WX- /Od /Ob2 /D WIN32 /D _DEBUG /D _LIB /D _CRT_SECURE_NO_WARNINGS /D _CRT_NONSTDC_NO_WARNINGS /D _MBCS /Gm /EHsc /RTC1 /MTd /GS /fp:precise /Zc:wchar_t /Zc:forScope /Fo".\zlib___Win32_Debug_x64\\" /Fd".\zlib___Win32_Debug_x64\vc100.pdb" /Gd /TC /errorReport:prompt zlib\adler32.c zlib\compress.c zlib\crc32.c zlib\deflate.c zlib\example.c zlib\gzio.c zlib\infback.c zlib\inffast.c zlib\inflate.c zlib\inftrees.c zlib\trees.c zlib\uncompr.c zlib\zutil.c
  zutil.c
  uncompr.c
  trees.c
  inftrees.c
  inflate.c
  inffast.c
  infback.c
  gzio.c
  example.c
  deflate.c
  crc32.c
  compress.c
  adler32.c
  Generating Code...
Lib:
  C:\Program Files (x86)\Microsoft Visual Studio 10.0\VC\bin\x86_amd64\Lib.exe /OUT:"..\VC\lib\zlib_debug_x64.lib" /NOLOGO .\zlib___Win32_Debug_x64\adler32.obj
  .\zlib___Win32_Debug_x64\compress.obj
  .\zlib___Win32_Debug_x64\crc32.obj
  .\zlib___Win32_Debug_x64\deflate.obj
  .\zlib___Win32_Debug_x64\example.obj
  .\zlib___Win32_Debug_x64\gzio.obj
  .\zlib___Win32_Debug_x64\infback.obj
  .\zlib___Win32_Debug_x64\inffast.obj
  .\zlib___Win32_Debug_x64\inflate.obj
  .\zlib___Win32_Debug_x64\inftrees.obj
  .\zlib___Win32_Debug_x64\trees.obj
  .\zlib___Win32_Debug_x64\uncompr.obj
  .\zlib___Win32_Debug_x64\zutil.obj
  VC100-zlib.vcxproj -> C:\Users\WooW\Desktop\00_00\arctic\trunk\extras\arcemu-windows-libraries\Sources\..\VC\lib\zlib_debug_x64.lib
FinalizeBuildStatus:
  Deleting file ".\zlib___Win32_Debug_x64\zlib.unsuccessfulbuild".
  Touching ".\zlib___Win32_Debug_x64\zlib.lastbuildstate".
Done Building Project "C:\Users\WooW\Desktop\00_00\arctic\trunk\extras\arcemu-windows-libraries\Sources\VC100-zlib.vcxproj" (build target(s)).

Build succeeded.

Time Elapsed 00:00:00.38
