C:\ARCTIC-ALL1\ARCTIC-ALL\EXTRAS\ARCEMU-WINDOWS-LIBRARIES\SOURCES\PCRE___WIN32_DEBUG\PCRE_CHARTABLES.OBJ
C:\ARCTIC-ALL1\ARCTIC-ALL\EXTRAS\ARCEMU-WINDOWS-LIBRARIES\SOURCES\PCRE___WIN32_DEBUG\PCRE_COMPILE.OBJ
C:\ARCTIC-ALL1\ARCTIC-ALL\EXTRAS\ARCEMU-WINDOWS-LIBRARIES\SOURCES\PCRE___WIN32_DEBUG\PCRE_CONFIG.OBJ
C:\ARCTIC-ALL1\ARCTIC-ALL\EXTRAS\ARCEMU-WINDOWS-LIBRARIES\SOURCES\PCRE___WIN32_DEBUG\PCRE_DFA_EXEC.OBJ
C:\ARCTIC-ALL1\ARCTIC-ALL\EXTRAS\ARCEMU-WINDOWS-LIBRARIES\SOURCES\PCRE___WIN32_DEBUG\PCRE_EXEC.OBJ
C:\ARCTIC-ALL1\ARCTIC-ALL\EXTRAS\ARCEMU-WINDOWS-LIBRARIES\SOURCES\PCRE___WIN32_DEBUG\PCRE_FULLINFO.OBJ
C:\ARCTIC-ALL1\ARCTIC-ALL\EXTRAS\ARCEMU-WINDOWS-LIBRARIES\SOURCES\PCRE___WIN32_DEBUG\PCRE_GET.OBJ
C:\ARCTIC-ALL1\ARCTIC-ALL\EXTRAS\ARCEMU-WINDOWS-LIBRARIES\SOURCES\PCRE___WIN32_DEBUG\PCRE_GLOBALS.OBJ
C:\ARCTIC-ALL1\ARCTIC-ALL\EXTRAS\ARCEMU-WINDOWS-LIBRARIES\SOURCES\PCRE___WIN32_DEBUG\PCRE_INFO.OBJ
C:\ARCTIC-ALL1\ARCTIC-ALL\EXTRAS\ARCEMU-WINDOWS-LIBRARIES\SOURCES\PCRE___WIN32_DEBUG\PCRE_MAKETABLES.OBJ
C:\ARCTIC-ALL1\ARCTIC-ALL\EXTRAS\ARCEMU-WINDOWS-LIBRARIES\SOURCES\PCRE___WIN32_DEBUG\PCRE_NEWLINE.OBJ
C:\ARCTIC-ALL1\ARCTIC-ALL\EXTRAS\ARCEMU-WINDOWS-LIBRARIES\SOURCES\PCRE___WIN32_DEBUG\PCRE_ORD2UTF8.OBJ
C:\ARCTIC-ALL1\ARCTIC-ALL\EXTRAS\ARCEMU-WINDOWS-LIBRARIES\SOURCES\PCRE___WIN32_DEBUG\PCRE_REFCOUNT.OBJ
C:\ARCTIC-ALL1\ARCTIC-ALL\EXTRAS\ARCEMU-WINDOWS-LIBRARIES\SOURCES\PCRE___WIN32_DEBUG\PCRE_STUDY.OBJ
C:\ARCTIC-ALL1\ARCTIC-ALL\EXTRAS\ARCEMU-WINDOWS-LIBRARIES\SOURCES\PCRE___WIN32_DEBUG\PCRE_TABLES.OBJ
C:\ARCTIC-ALL1\ARCTIC-ALL\EXTRAS\ARCEMU-WINDOWS-LIBRARIES\SOURCES\PCRE___WIN32_DEBUG\PCRE_TRY_FLIPPED.OBJ
C:\ARCTIC-ALL1\ARCTIC-ALL\EXTRAS\ARCEMU-WINDOWS-LIBRARIES\SOURCES\PCRE___WIN32_DEBUG\PCRE_UCP_SEARCHFUNCS.OBJ
C:\ARCTIC-ALL1\ARCTIC-ALL\EXTRAS\ARCEMU-WINDOWS-LIBRARIES\SOURCES\PCRE___WIN32_DEBUG\PCRE_VALID_UTF8.OBJ
C:\ARCTIC-ALL1\ARCTIC-ALL\EXTRAS\ARCEMU-WINDOWS-LIBRARIES\SOURCES\PCRE___WIN32_DEBUG\PCRE_VERSION.OBJ
C:\ARCTIC-ALL1\ARCTIC-ALL\EXTRAS\ARCEMU-WINDOWS-LIBRARIES\SOURCES\PCRE___WIN32_DEBUG\PCRE_XCLASS.OBJ
C:\ARCTIC-ALL1\ARCTIC-ALL\EXTRAS\ARCEMU-WINDOWS-LIBRARIES\SOURCES\PCRE___WIN32_DEBUG\VC100.PDB
C:\ARCTIC-ALL1\ARCTIC-ALL\EXTRAS\ARCEMU-WINDOWS-LIBRARIES\VC\LIB\PCRE_DEBUG_WIN32.LIB
C:\ARCTIC-ALMOST-DONE\EXTRAS\ARCEMU-WINDOWS-LIBRARIES\SOURCES\PCRE___WIN32_DEBUG\PCRE_CHARTABLES.OBJ
C:\ARCTIC-ALMOST-DONE\EXTRAS\ARCEMU-WINDOWS-LIBRARIES\SOURCES\PCRE___WIN32_DEBUG\PCRE_COMPILE.OBJ
C:\ARCTIC-ALMOST-DONE\EXTRAS\ARCEMU-WINDOWS-LIBRARIES\SOURCES\PCRE___WIN32_DEBUG\PCRE_CONFIG.OBJ
C:\ARCTIC-ALMOST-DONE\EXTRAS\ARCEMU-WINDOWS-LIBRARIES\SOURCES\PCRE___WIN32_DEBUG\PCRE_DFA_EXEC.OBJ
C:\ARCTIC-ALMOST-DONE\EXTRAS\ARCEMU-WINDOWS-LIBRARIES\SOURCES\PCRE___WIN32_DEBUG\PCRE_EXEC.OBJ
C:\ARCTIC-ALMOST-DONE\EXTRAS\ARCEMU-WINDOWS-LIBRARIES\SOURCES\PCRE___WIN32_DEBUG\PCRE_FULLINFO.OBJ
C:\ARCTIC-ALMOST-DONE\EXTRAS\ARCEMU-WINDOWS-LIBRARIES\SOURCES\PCRE___WIN32_DEBUG\PCRE_GET.OBJ
C:\ARCTIC-ALMOST-DONE\EXTRAS\ARCEMU-WINDOWS-LIBRARIES\SOURCES\PCRE___WIN32_DEBUG\PCRE_GLOBALS.OBJ
C:\ARCTIC-ALMOST-DONE\EXTRAS\ARCEMU-WINDOWS-LIBRARIES\SOURCES\PCRE___WIN32_DEBUG\PCRE_INFO.OBJ
C:\ARCTIC-ALMOST-DONE\EXTRAS\ARCEMU-WINDOWS-LIBRARIES\SOURCES\PCRE___WIN32_DEBUG\PCRE_MAKETABLES.OBJ
C:\ARCTIC-ALMOST-DONE\EXTRAS\ARCEMU-WINDOWS-LIBRARIES\SOURCES\PCRE___WIN32_DEBUG\PCRE_NEWLINE.OBJ
C:\ARCTIC-ALMOST-DONE\EXTRAS\ARCEMU-WINDOWS-LIBRARIES\SOURCES\PCRE___WIN32_DEBUG\PCRE_ORD2UTF8.OBJ
C:\ARCTIC-ALMOST-DONE\EXTRAS\ARCEMU-WINDOWS-LIBRARIES\SOURCES\PCRE___WIN32_DEBUG\PCRE_REFCOUNT.OBJ
C:\ARCTIC-ALMOST-DONE\EXTRAS\ARCEMU-WINDOWS-LIBRARIES\SOURCES\PCRE___WIN32_DEBUG\PCRE_STUDY.OBJ
C:\ARCTIC-ALMOST-DONE\EXTRAS\ARCEMU-WINDOWS-LIBRARIES\SOURCES\PCRE___WIN32_DEBUG\PCRE_TABLES.OBJ
C:\ARCTIC-ALMOST-DONE\EXTRAS\ARCEMU-WINDOWS-LIBRARIES\SOURCES\PCRE___WIN32_DEBUG\PCRE_TRY_FLIPPED.OBJ
C:\ARCTIC-ALMOST-DONE\EXTRAS\ARCEMU-WINDOWS-LIBRARIES\SOURCES\PCRE___WIN32_DEBUG\PCRE_UCP_SEARCHFUNCS.OBJ
C:\ARCTIC-ALMOST-DONE\EXTRAS\ARCEMU-WINDOWS-LIBRARIES\SOURCES\PCRE___WIN32_DEBUG\PCRE_VALID_UTF8.OBJ
C:\ARCTIC-ALMOST-DONE\EXTRAS\ARCEMU-WINDOWS-LIBRARIES\SOURCES\PCRE___WIN32_DEBUG\PCRE_VERSION.OBJ
C:\ARCTIC-ALMOST-DONE\EXTRAS\ARCEMU-WINDOWS-LIBRARIES\SOURCES\PCRE___WIN32_DEBUG\PCRE_XCLASS.OBJ
C:\ARCTIC-ALMOST-DONE\EXTRAS\ARCEMU-WINDOWS-LIBRARIES\SOURCES\PCRE___WIN32_DEBUG\VC100.PDB
C:\ARCTIC-ALMOST-DONE\EXTRAS\ARCEMU-WINDOWS-LIBRARIES\VC\LIB\PCRE_DEBUG_WIN32.LIB
C:\Documents and Settings\HP_ADMINISTRATOR\Desktop\00000000\ARCTIC-ALL\extras\arcemu-windows-libraries\Sources\..\VC\lib\pcre_debug_win32.lib
C:\Documents and Settings\HP_ADMINISTRATOR\Desktop\00000000\ARCTIC-ALL\extras\arcemu-windows-libraries\Sources\pcre___Win32_Debug\cl.command.1.tlog
C:\Documents and Settings\HP_ADMINISTRATOR\Desktop\00000000\ARCTIC-ALL\extras\arcemu-windows-libraries\Sources\pcre___Win32_Debug\CL.read.1.tlog
C:\Documents and Settings\HP_ADMINISTRATOR\Desktop\00000000\ARCTIC-ALL\extras\arcemu-windows-libraries\Sources\pcre___Win32_Debug\CL.write.1.tlog
C:\Documents and Settings\HP_ADMINISTRATOR\Desktop\00000000\ARCTIC-ALL\extras\arcemu-windows-libraries\Sources\pcre___Win32_Debug\lib.command.1.tlog
C:\Documents and Settings\HP_ADMINISTRATOR\Desktop\00000000\ARCTIC-ALL\extras\arcemu-windows-libraries\Sources\pcre___Win32_Debug\Lib-link.read.1.tlog
C:\Documents and Settings\HP_ADMINISTRATOR\Desktop\00000000\ARCTIC-ALL\extras\arcemu-windows-libraries\Sources\pcre___Win32_Debug\Lib-link.write.1.tlog
C:\Documents and Settings\HP_ADMINISTRATOR\Desktop\00000000\ARCTIC-ALL\extras\arcemu-windows-libraries\Sources\pcre___Win32_Debug\pcre_chartables.obj
C:\Documents and Settings\HP_ADMINISTRATOR\Desktop\00000000\ARCTIC-ALL\extras\arcemu-windows-libraries\Sources\pcre___Win32_Debug\pcre_compile.obj
C:\Documents and Settings\HP_ADMINISTRATOR\Desktop\00000000\ARCTIC-ALL\extras\arcemu-windows-libraries\Sources\pcre___Win32_Debug\pcre_config.obj
C:\Documents and Settings\HP_ADMINISTRATOR\Desktop\00000000\ARCTIC-ALL\extras\arcemu-windows-libraries\Sources\pcre___Win32_Debug\pcre_dfa_exec.obj
C:\Documents and Settings\HP_ADMINISTRATOR\Desktop\00000000\ARCTIC-ALL\extras\arcemu-windows-libraries\Sources\pcre___Win32_Debug\pcre_exec.obj
C:\Documents and Settings\HP_ADMINISTRATOR\Desktop\00000000\ARCTIC-ALL\extras\arcemu-windows-libraries\Sources\pcre___Win32_Debug\pcre_fullinfo.obj
C:\Documents and Settings\HP_ADMINISTRATOR\Desktop\00000000\ARCTIC-ALL\extras\arcemu-windows-libraries\Sources\pcre___Win32_Debug\pcre_get.obj
C:\Documents and Settings\HP_ADMINISTRATOR\Desktop\00000000\ARCTIC-ALL\extras\arcemu-windows-libraries\Sources\pcre___Win32_Debug\pcre_globals.obj
C:\Documents and Settings\HP_ADMINISTRATOR\Desktop\00000000\ARCTIC-ALL\extras\arcemu-windows-libraries\Sources\pcre___Win32_Debug\pcre_info.obj
C:\Documents and Settings\HP_ADMINISTRATOR\Desktop\00000000\ARCTIC-ALL\extras\arcemu-windows-libraries\Sources\pcre___Win32_Debug\pcre_maketables.obj
C:\Documents and Settings\HP_ADMINISTRATOR\Desktop\00000000\ARCTIC-ALL\extras\arcemu-windows-libraries\Sources\pcre___Win32_Debug\pcre_newline.obj
C:\Documents and Settings\HP_ADMINISTRATOR\Desktop\00000000\ARCTIC-ALL\extras\arcemu-windows-libraries\Sources\pcre___Win32_Debug\pcre_ord2utf8.obj
C:\Documents and Settings\HP_ADMINISTRATOR\Desktop\00000000\ARCTIC-ALL\extras\arcemu-windows-libraries\Sources\pcre___Win32_Debug\pcre_refcount.obj
C:\Documents and Settings\HP_ADMINISTRATOR\Desktop\00000000\ARCTIC-ALL\extras\arcemu-windows-libraries\Sources\pcre___Win32_Debug\pcre_study.obj
C:\Documents and Settings\HP_ADMINISTRATOR\Desktop\00000000\ARCTIC-ALL\extras\arcemu-windows-libraries\Sources\pcre___Win32_Debug\pcre_tables.obj
C:\Documents and Settings\HP_ADMINISTRATOR\Desktop\00000000\ARCTIC-ALL\extras\arcemu-windows-libraries\Sources\pcre___Win32_Debug\pcre_try_flipped.obj
C:\Documents and Settings\HP_ADMINISTRATOR\Desktop\00000000\ARCTIC-ALL\extras\arcemu-windows-libraries\Sources\pcre___Win32_Debug\pcre_ucp_searchfuncs.obj
C:\Documents and Settings\HP_ADMINISTRATOR\Desktop\00000000\ARCTIC-ALL\extras\arcemu-windows-libraries\Sources\pcre___Win32_Debug\pcre_valid_utf8.obj
C:\Documents and Settings\HP_ADMINISTRATOR\Desktop\00000000\ARCTIC-ALL\extras\arcemu-windows-libraries\Sources\pcre___Win32_Debug\pcre_version.obj
C:\Documents and Settings\HP_ADMINISTRATOR\Desktop\00000000\ARCTIC-ALL\extras\arcemu-windows-libraries\Sources\pcre___Win32_Debug\pcre_xclass.obj
C:\Documents and Settings\HP_ADMINISTRATOR\Desktop\00000000\ARCTIC-ALL\extras\arcemu-windows-libraries\Sources\pcre___Win32_Debug\vc100.idb
C:\Documents and Settings\HP_ADMINISTRATOR\Desktop\00000000\ARCTIC-ALL\extras\arcemu-windows-libraries\Sources\pcre___Win32_Debug\vc100.pdb
