C:\ARCTIC-ALL1\ARCTIC-ALL\EXTRAS\ARCEMU-WINDOWS-LIBRARIES\SOURCES\ZLIB___WIN32_DEBUG\ADLER32.OBJ
C:\ARCTIC-ALL1\ARCTIC-ALL\EXTRAS\ARCEMU-WINDOWS-LIBRARIES\SOURCES\ZLIB___WIN32_DEBUG\COMPRESS.OBJ
C:\ARCTIC-ALL1\ARCTIC-ALL\EXTRAS\ARCEMU-WINDOWS-LIBRARIES\SOURCES\ZLIB___WIN32_DEBUG\CRC32.OBJ
C:\ARCTIC-ALL1\ARCTIC-ALL\EXTRAS\ARCEMU-WINDOWS-LIBRARIES\SOURCES\ZLIB___WIN32_DEBUG\DEFLATE.OBJ
C:\ARCTIC-ALL1\ARCTIC-ALL\EXTRAS\ARCEMU-WINDOWS-LIBRARIES\SOURCES\ZLIB___WIN32_DEBUG\EXAMPLE.OBJ
C:\ARCTIC-ALL1\ARCTIC-ALL\EXTRAS\ARCEMU-WINDOWS-LIBRARIES\SOURCES\ZLIB___WIN32_DEBUG\GZIO.OBJ
C:\ARCTIC-ALL1\ARCTIC-ALL\EXTRAS\ARCEMU-WINDOWS-LIBRARIES\SOURCES\ZLIB___WIN32_DEBUG\INFBACK.OBJ
C:\ARCTIC-ALL1\ARCTIC-ALL\EXTRAS\ARCEMU-WINDOWS-LIBRARIES\SOURCES\ZLIB___WIN32_DEBUG\INFFAST.OBJ
C:\ARCTIC-ALL1\ARCTIC-ALL\EXTRAS\ARCEMU-WINDOWS-LIBRARIES\SOURCES\ZLIB___WIN32_DEBUG\INFLATE.OBJ
C:\ARCTIC-ALL1\ARCTIC-ALL\EXTRAS\ARCEMU-WINDOWS-LIBRARIES\SOURCES\ZLIB___WIN32_DEBUG\INFTREES.OBJ
C:\ARCTIC-ALL1\ARCTIC-ALL\EXTRAS\ARCEMU-WINDOWS-LIBRARIES\SOURCES\ZLIB___WIN32_DEBUG\TREES.OBJ
C:\ARCTIC-ALL1\ARCTIC-ALL\EXTRAS\ARCEMU-WINDOWS-LIBRARIES\SOURCES\ZLIB___WIN32_DEBUG\UNCOMPR.OBJ
C:\ARCTIC-ALL1\ARCTIC-ALL\EXTRAS\ARCEMU-WINDOWS-LIBRARIES\SOURCES\ZLIB___WIN32_DEBUG\VC100.PDB
C:\ARCTIC-ALL1\ARCTIC-ALL\EXTRAS\ARCEMU-WINDOWS-LIBRARIES\SOURCES\ZLIB___WIN32_DEBUG\ZUTIL.OBJ
C:\ARCTIC-ALL1\ARCTIC-ALL\EXTRAS\ARCEMU-WINDOWS-LIBRARIES\VC\LIB\ZLIB_DEBUG_WIN32.LIB
C:\ARCTIC-ALMOST-DONE\EXTRAS\ARCEMU-WINDOWS-LIBRARIES\SOURCES\ZLIB___WIN32_DEBUG\ADLER32.OBJ
C:\ARCTIC-ALMOST-DONE\EXTRAS\ARCEMU-WINDOWS-LIBRARIES\SOURCES\ZLIB___WIN32_DEBUG\COMPRESS.OBJ
C:\ARCTIC-ALMOST-DONE\EXTRAS\ARCEMU-WINDOWS-LIBRARIES\SOURCES\ZLIB___WIN32_DEBUG\CRC32.OBJ
C:\ARCTIC-ALMOST-DONE\EXTRAS\ARCEMU-WINDOWS-LIBRARIES\SOURCES\ZLIB___WIN32_DEBUG\DEFLATE.OBJ
C:\ARCTIC-ALMOST-DONE\EXTRAS\ARCEMU-WINDOWS-LIBRARIES\SOURCES\ZLIB___WIN32_DEBUG\EXAMPLE.OBJ
C:\ARCTIC-ALMOST-DONE\EXTRAS\ARCEMU-WINDOWS-LIBRARIES\SOURCES\ZLIB___WIN32_DEBUG\GZIO.OBJ
C:\ARCTIC-ALMOST-DONE\EXTRAS\ARCEMU-WINDOWS-LIBRARIES\SOURCES\ZLIB___WIN32_DEBUG\INFBACK.OBJ
C:\ARCTIC-ALMOST-DONE\EXTRAS\ARCEMU-WINDOWS-LIBRARIES\SOURCES\ZLIB___WIN32_DEBUG\INFFAST.OBJ
C:\ARCTIC-ALMOST-DONE\EXTRAS\ARCEMU-WINDOWS-LIBRARIES\SOURCES\ZLIB___WIN32_DEBUG\INFLATE.OBJ
C:\ARCTIC-ALMOST-DONE\EXTRAS\ARCEMU-WINDOWS-LIBRARIES\SOURCES\ZLIB___WIN32_DEBUG\INFTREES.OBJ
C:\ARCTIC-ALMOST-DONE\EXTRAS\ARCEMU-WINDOWS-LIBRARIES\SOURCES\ZLIB___WIN32_DEBUG\TREES.OBJ
C:\ARCTIC-ALMOST-DONE\EXTRAS\ARCEMU-WINDOWS-LIBRARIES\SOURCES\ZLIB___WIN32_DEBUG\UNCOMPR.OBJ
C:\ARCTIC-ALMOST-DONE\EXTRAS\ARCEMU-WINDOWS-LIBRARIES\SOURCES\ZLIB___WIN32_DEBUG\VC100.PDB
C:\ARCTIC-ALMOST-DONE\EXTRAS\ARCEMU-WINDOWS-LIBRARIES\SOURCES\ZLIB___WIN32_DEBUG\ZUTIL.OBJ
C:\ARCTIC-ALMOST-DONE\EXTRAS\ARCEMU-WINDOWS-LIBRARIES\VC\LIB\ZLIB_DEBUG_WIN32.LIB
C:\Documents and Settings\HP_ADMINISTRATOR\Desktop\00000000\ARCTIC-ALL\extras\arcemu-windows-libraries\Sources\..\VC\lib\zlib_debug_win32.lib
C:\Documents and Settings\HP_ADMINISTRATOR\Desktop\00000000\ARCTIC-ALL\extras\arcemu-windows-libraries\Sources\zlib___Win32_Debug\adler32.obj
C:\Documents and Settings\HP_ADMINISTRATOR\Desktop\00000000\ARCTIC-ALL\extras\arcemu-windows-libraries\Sources\zlib___Win32_Debug\cl.command.1.tlog
C:\Documents and Settings\HP_ADMINISTRATOR\Desktop\00000000\ARCTIC-ALL\extras\arcemu-windows-libraries\Sources\zlib___Win32_Debug\CL.read.1.tlog
C:\Documents and Settings\HP_ADMINISTRATOR\Desktop\00000000\ARCTIC-ALL\extras\arcemu-windows-libraries\Sources\zlib___Win32_Debug\CL.write.1.tlog
C:\Documents and Settings\HP_ADMINISTRATOR\Desktop\00000000\ARCTIC-ALL\extras\arcemu-windows-libraries\Sources\zlib___Win32_Debug\compress.obj
C:\Documents and Settings\HP_ADMINISTRATOR\Desktop\00000000\ARCTIC-ALL\extras\arcemu-windows-libraries\Sources\zlib___Win32_Debug\crc32.obj
C:\Documents and Settings\HP_ADMINISTRATOR\Desktop\00000000\ARCTIC-ALL\extras\arcemu-windows-libraries\Sources\zlib___Win32_Debug\deflate.obj
C:\Documents and Settings\HP_ADMINISTRATOR\Desktop\00000000\ARCTIC-ALL\extras\arcemu-windows-libraries\Sources\zlib___Win32_Debug\example.obj
C:\Documents and Settings\HP_ADMINISTRATOR\Desktop\00000000\ARCTIC-ALL\extras\arcemu-windows-libraries\Sources\zlib___Win32_Debug\gzio.obj
C:\Documents and Settings\HP_ADMINISTRATOR\Desktop\00000000\ARCTIC-ALL\extras\arcemu-windows-libraries\Sources\zlib___Win32_Debug\infback.obj
C:\Documents and Settings\HP_ADMINISTRATOR\Desktop\00000000\ARCTIC-ALL\extras\arcemu-windows-libraries\Sources\zlib___Win32_Debug\inffast.obj
C:\Documents and Settings\HP_ADMINISTRATOR\Desktop\00000000\ARCTIC-ALL\extras\arcemu-windows-libraries\Sources\zlib___Win32_Debug\inflate.obj
C:\Documents and Settings\HP_ADMINISTRATOR\Desktop\00000000\ARCTIC-ALL\extras\arcemu-windows-libraries\Sources\zlib___Win32_Debug\inftrees.obj
C:\Documents and Settings\HP_ADMINISTRATOR\Desktop\00000000\ARCTIC-ALL\extras\arcemu-windows-libraries\Sources\zlib___Win32_Debug\lib.command.1.tlog
C:\Documents and Settings\HP_ADMINISTRATOR\Desktop\00000000\ARCTIC-ALL\extras\arcemu-windows-libraries\Sources\zlib___Win32_Debug\Lib-link.read.1.tlog
C:\Documents and Settings\HP_ADMINISTRATOR\Desktop\00000000\ARCTIC-ALL\extras\arcemu-windows-libraries\Sources\zlib___Win32_Debug\Lib-link.write.1.tlog
C:\Documents and Settings\HP_ADMINISTRATOR\Desktop\00000000\ARCTIC-ALL\extras\arcemu-windows-libraries\Sources\zlib___Win32_Debug\trees.obj
C:\Documents and Settings\HP_ADMINISTRATOR\Desktop\00000000\ARCTIC-ALL\extras\arcemu-windows-libraries\Sources\zlib___Win32_Debug\uncompr.obj
C:\Documents and Settings\HP_ADMINISTRATOR\Desktop\00000000\ARCTIC-ALL\extras\arcemu-windows-libraries\Sources\zlib___Win32_Debug\vc100.idb
C:\Documents and Settings\HP_ADMINISTRATOR\Desktop\00000000\ARCTIC-ALL\extras\arcemu-windows-libraries\Sources\zlib___Win32_Debug\vc100.pdb
C:\Documents and Settings\HP_ADMINISTRATOR\Desktop\00000000\ARCTIC-ALL\extras\arcemu-windows-libraries\Sources\zlib___Win32_Debug\zutil.obj
